qr_test_build/android/app/build/intermediates/manifest_merge_blame_file/debug/manifest-merger-blame-debug-report.txt
1<?xml version="1.0" encoding="utf-8"?>
2<!-- AppWeaver INFINITY - Android Manifest -->
3<manifest xmlns:android="http://schemas.android.com/apk/res/android"
4    package="com.nativx.scannerdemo.debug"
5    android:versionCode="1"
6    android:versionName="1.0" >
7
8    <uses-sdk
9        android:minSdkVersion="24"
10        android:targetSdkVersion="34" />
11
12    <!-- Permissions -->
13    <uses-permission android:name="android.permission.INTERNET" />
13-->src\main\AndroidManifest.xml:7:5-67
13-->src\main\AndroidManifest.xml:7:22-64
14    <uses-permission android:name="android.permission.ACCESS_NETWORK_STATE" />
14-->src\main\AndroidManifest.xml:8:5-79
14-->src\main\AndroidManifest.xml:8:22-76
15    <uses-permission android:name="android.permission.ACCESS_WIFI_STATE" />
15-->src\main\AndroidManifest.xml:9:5-76
15-->src\main\AndroidManifest.xml:9:22-73
16
17    <!-- Optional permissions for enhanced functionality -->
18    <uses-permission android:name="android.permission.CAMERA" />
18-->src\main\AndroidManifest.xml:12:5-65
18-->src\main\AndroidManifest.xml:12:22-62
19    <uses-permission android:name="android.permission.RECORD_AUDIO" />
19-->src\main\AndroidManifest.xml:13:5-71
19-->src\main\AndroidManifest.xml:13:22-68
20    <uses-permission
20-->src\main\AndroidManifest.xml:14:5-16:40
21        android:name="android.permission.WRITE_EXTERNAL_STORAGE"
21-->src\main\AndroidManifest.xml:14:22-78
22        android:maxSdkVersion="28" />
22-->src\main\AndroidManifest.xml:15:9-35
23    <uses-permission
23-->src\main\AndroidManifest.xml:17:5-18:38
24        android:name="android.permission.READ_EXTERNAL_STORAGE"
24-->src\main\AndroidManifest.xml:17:22-77
25        android:maxSdkVersion="32" />
25-->src\main\AndroidManifest.xml:18:9-35
26    <uses-permission android:name="android.permission.VIBRATE" />
26-->src\main\AndroidManifest.xml:19:5-66
26-->src\main\AndroidManifest.xml:19:22-63
27
28    <!-- Hardware features -->
29    <uses-feature
29-->src\main\AndroidManifest.xml:22:5-85
30        android:name="android.hardware.camera"
30-->src\main\AndroidManifest.xml:22:19-57
31        android:required="false" />
31-->src\main\AndroidManifest.xml:22:58-82
32    <uses-feature
32-->src\main\AndroidManifest.xml:23:5-95
33        android:name="android.hardware.camera.autofocus"
33-->src\main\AndroidManifest.xml:23:19-67
34        android:required="false" />
34-->src\main\AndroidManifest.xml:23:68-92
35
36    <permission
36-->[androidx.core:core:1.12.0] AndroidManifest.xml:22:5-24:47
37        android:name="com.nativx.scannerdemo.debug.DYNAMIC_RECEIVER_NOT_EXPORTED_PERMISSION"
37-->[androidx.core:core:1.12.0] AndroidManifest.xml:23:9-81
38        android:protectionLevel="signature" />
38-->[androidx.core:core:1.12.0] AndroidManifest.xml:24:9-44
39
40    <uses-permission android:name="com.nativx.scannerdemo.debug.DYNAMIC_RECEIVER_NOT_EXPORTED_PERMISSION" />
40-->[androidx.core:core:1.12.0] AndroidManifest.xml:26:5-97
40-->[androidx.core:core:1.12.0] AndroidManifest.xml:26:22-94
41
42    <uses-feature
42-->[com.journeyapps:zxing-android-embedded:4.3.0] AndroidManifest.xml:28:5-30:36
43        android:name="android.hardware.camera.front"
43-->[com.journeyapps:zxing-android-embedded:4.3.0] AndroidManifest.xml:29:9-53
44        android:required="false" />
44-->[com.journeyapps:zxing-android-embedded:4.3.0] AndroidManifest.xml:30:9-33
45    <uses-feature
45-->[com.journeyapps:zxing-android-embedded:4.3.0] AndroidManifest.xml:36:5-38:36
46        android:name="android.hardware.camera.flash"
46-->[com.journeyapps:zxing-android-embedded:4.3.0] AndroidManifest.xml:37:9-53
47        android:required="false" />
47-->[com.journeyapps:zxing-android-embedded:4.3.0] AndroidManifest.xml:38:9-33
48    <uses-feature
48-->[com.journeyapps:zxing-android-embedded:4.3.0] AndroidManifest.xml:39:5-41:36
49        android:name="android.hardware.screen.landscape"
49-->[com.journeyapps:zxing-android-embedded:4.3.0] AndroidManifest.xml:40:9-57
50        android:required="false" />
50-->[com.journeyapps:zxing-android-embedded:4.3.0] AndroidManifest.xml:41:9-33
51    <uses-feature
51-->[com.journeyapps:zxing-android-embedded:4.3.0] AndroidManifest.xml:42:5-44:36
52        android:name="android.hardware.wifi"
52-->[com.journeyapps:zxing-android-embedded:4.3.0] AndroidManifest.xml:43:9-45
53        android:required="false" />
53-->[com.journeyapps:zxing-android-embedded:4.3.0] AndroidManifest.xml:44:9-33
54
55    <application
55-->src\main\AndroidManifest.xml:25:5-96:19
56        android:allowBackup="true"
56-->src\main\AndroidManifest.xml:26:9-35
57        android:appComponentFactory="androidx.core.app.CoreComponentFactory"
57-->[androidx.core:core:1.12.0] AndroidManifest.xml:28:18-86
58        android:debuggable="true"
59        android:extractNativeLibs="false"
60        android:hardwareAccelerated="true"
60-->src\main\AndroidManifest.xml:33:9-43
61        android:icon="@mipmap/ic_launcher"
61-->src\main\AndroidManifest.xml:27:9-43
62        android:label="QR Scanner DEMO"
62-->src\main\AndroidManifest.xml:28:9-40
63        android:largeHeap="true"
63-->src\main\AndroidManifest.xml:34:9-33
64        android:networkSecurityConfig="@xml/network_security_config"
64-->src\main\AndroidManifest.xml:35:9-69
65        android:roundIcon="@mipmap/ic_launcher_round"
65-->src\main\AndroidManifest.xml:29:9-54
66        android:supportsRtl="true"
66-->src\main\AndroidManifest.xml:30:9-35
67        android:theme="@style/Theme.AppWeaver"
67-->src\main\AndroidManifest.xml:31:9-47
68        android:usesCleartextTraffic="true" >
68-->src\main\AndroidManifest.xml:32:9-44
69
70        <!-- Main Activity -->
71        <activity
71-->src\main\AndroidManifest.xml:39:9-81:20
72            android:name="com.nativx.scannerdemo.MainActivity"
72-->src\main\AndroidManifest.xml:40:13-41
73            android:configChanges="orientation|screenSize|screenLayout|keyboardHidden"
73-->src\main\AndroidManifest.xml:42:13-87
74            android:exported="true"
74-->src\main\AndroidManifest.xml:41:13-36
75            android:launchMode="singleTask"
75-->src\main\AndroidManifest.xml:43:13-44
76            android:theme="@style/Theme.AppWeaver.SplashScreen"
76-->src\main\AndroidManifest.xml:45:13-64
77            android:windowSoftInputMode="adjustResize" >
77-->src\main\AndroidManifest.xml:44:13-55
78            <intent-filter>
78-->src\main\AndroidManifest.xml:47:13-50:29
79                <action android:name="android.intent.action.MAIN" />
79-->src\main\AndroidManifest.xml:48:17-69
79-->src\main\AndroidManifest.xml:48:25-66
80
81                <category android:name="android.intent.category.LAUNCHER" />
81-->src\main\AndroidManifest.xml:49:17-77
81-->src\main\AndroidManifest.xml:49:27-74
82            </intent-filter>
83
84            <!-- Deep linking support for app domain -->
85            <intent-filter android:autoVerify="true" >
85-->src\main\AndroidManifest.xml:53:13-60:29
85-->src\main\AndroidManifest.xml:53:28-53
86                <action android:name="android.intent.action.VIEW" />
86-->src\main\AndroidManifest.xml:54:17-69
86-->src\main\AndroidManifest.xml:54:25-66
87
88                <category android:name="android.intent.category.DEFAULT" />
88-->src\main\AndroidManifest.xml:55:17-76
88-->src\main\AndroidManifest.xml:55:27-73
89                <category android:name="android.intent.category.BROWSABLE" />
89-->src\main\AndroidManifest.xml:56:17-78
89-->src\main\AndroidManifest.xml:56:27-75
90                <!-- HTTP/HTTPS links to app domain -->
91                <data
91-->src\main\AndroidManifest.xml:58:17-75
92                    android:host="example.com"
92-->src\main\AndroidManifest.xml:58:46-72
93                    android:scheme="https" />
93-->src\main\AndroidManifest.xml:58:23-45
94                <data
94-->src\main\AndroidManifest.xml:58:17-75
95                    android:host="example.com"
95-->src\main\AndroidManifest.xml:58:46-72
96                    android:scheme="http" />
96-->src\main\AndroidManifest.xml:58:23-45
97            </intent-filter>
98
99            <!-- Custom app scheme for direct app links -->
100            <intent-filter>
100-->src\main\AndroidManifest.xml:63:13-68:29
101                <action android:name="android.intent.action.VIEW" />
101-->src\main\AndroidManifest.xml:54:17-69
101-->src\main\AndroidManifest.xml:54:25-66
102
103                <category android:name="android.intent.category.DEFAULT" />
103-->src\main\AndroidManifest.xml:55:17-76
103-->src\main\AndroidManifest.xml:55:27-73
104                <category android:name="android.intent.category.BROWSABLE" />
104-->src\main\AndroidManifest.xml:56:17-78
104-->src\main\AndroidManifest.xml:56:27-75
105
106                <data android:scheme="qrscannerdemo" />
106-->src\main\AndroidManifest.xml:58:17-75
106-->src\main\AndroidManifest.xml:58:23-45
107            </intent-filter>
108
109            <!-- Share Intent - receive content from other apps -->
110            <intent-filter>
110-->src\main\AndroidManifest.xml:71:13-75:29
111                <action android:name="android.intent.action.SEND" />
111-->src\main\AndroidManifest.xml:72:17-69
111-->src\main\AndroidManifest.xml:72:25-66
112
113                <category android:name="android.intent.category.DEFAULT" />
113-->src\main\AndroidManifest.xml:55:17-76
113-->src\main\AndroidManifest.xml:55:27-73
114
115                <data android:mimeType="text/plain" />
115-->src\main\AndroidManifest.xml:58:17-75
115-->src\main\AndroidManifest.xml:74:23-52
116            </intent-filter>
117            <intent-filter>
117-->src\main\AndroidManifest.xml:76:13-80:29
118                <action android:name="android.intent.action.SEND" />
118-->src\main\AndroidManifest.xml:72:17-69
118-->src\main\AndroidManifest.xml:72:25-66
119
120                <category android:name="android.intent.category.DEFAULT" />
120-->src\main\AndroidManifest.xml:55:17-76
120-->src\main\AndroidManifest.xml:55:27-73
121
122                <data android:mimeType="text/*" />
122-->src\main\AndroidManifest.xml:58:17-75
122-->src\main\AndroidManifest.xml:74:23-52
123            </intent-filter>
124        </activity>
125
126        <!-- File Provider for camera and file uploads -->
127        <provider
128            android:name="androidx.core.content.FileProvider"
128-->src\main\AndroidManifest.xml:85:13-62
129            android:authorities="com.nativx.scannerdemo.debug.fileprovider"
129-->src\main\AndroidManifest.xml:86:13-64
130            android:exported="false"
130-->src\main\AndroidManifest.xml:87:13-37
131            android:grantUriPermissions="true" >
131-->src\main\AndroidManifest.xml:88:13-47
132            <meta-data
132-->src\main\AndroidManifest.xml:89:13-91:54
133                android:name="android.support.FILE_PROVIDER_PATHS"
133-->src\main\AndroidManifest.xml:90:17-67
134                android:resource="@xml/file_paths" />
134-->src\main\AndroidManifest.xml:91:17-51
135        </provider>
136
137        <meta-data
137-->src\main\AndroidManifest.xml:94:13-106
138            android:name="com.google.android.gms.ads.APPLICATION_ID"
138-->src\main\AndroidManifest.xml:94:24-80
139            android:value="test-id" />
139-->src\main\AndroidManifest.xml:94:81-104
140
141        <provider
141-->[androidx.emoji2:emoji2:1.2.0] AndroidManifest.xml:24:9-32:20
142            android:name="androidx.startup.InitializationProvider"
142-->[androidx.emoji2:emoji2:1.2.0] AndroidManifest.xml:25:13-67
143            android:authorities="com.nativx.scannerdemo.debug.androidx-startup"
143-->[androidx.emoji2:emoji2:1.2.0] AndroidManifest.xml:26:13-68
144            android:exported="false" >
144-->[androidx.emoji2:emoji2:1.2.0] AndroidManifest.xml:27:13-37
145            <meta-data
145-->[androidx.emoji2:emoji2:1.2.0] AndroidManifest.xml:29:13-31:52
146                android:name="androidx.emoji2.text.EmojiCompatInitializer"
146-->[androidx.emoji2:emoji2:1.2.0] AndroidManifest.xml:30:17-75
147                android:value="androidx.startup" />
147-->[androidx.emoji2:emoji2:1.2.0] AndroidManifest.xml:31:17-49
148            <meta-data
148-->[androidx.lifecycle:lifecycle-process:2.6.1] AndroidManifest.xml:29:13-31:52
149                android:name="androidx.lifecycle.ProcessLifecycleInitializer"
149-->[androidx.lifecycle:lifecycle-process:2.6.1] AndroidManifest.xml:30:17-78
150                android:value="androidx.startup" />
150-->[androidx.lifecycle:lifecycle-process:2.6.1] AndroidManifest.xml:31:17-49
151            <meta-data
151-->[androidx.profileinstaller:profileinstaller:1.3.0] AndroidManifest.xml:29:13-31:52
152                android:name="androidx.profileinstaller.ProfileInstallerInitializer"
152-->[androidx.profileinstaller:profileinstaller:1.3.0] AndroidManifest.xml:30:17-85
153                android:value="androidx.startup" />
153-->[androidx.profileinstaller:profileinstaller:1.3.0] AndroidManifest.xml:31:17-49
154        </provider>
155
156        <receiver
156-->[androidx.profileinstaller:profileinstaller:1.3.0] AndroidManifest.xml:34:9-52:20
157            android:name="androidx.profileinstaller.ProfileInstallReceiver"
157-->[androidx.profileinstaller:profileinstaller:1.3.0] AndroidManifest.xml:35:13-76
158            android:directBootAware="false"
158-->[androidx.profileinstaller:profileinstaller:1.3.0] AndroidManifest.xml:36:13-44
159            android:enabled="true"
159-->[androidx.profileinstaller:profileinstaller:1.3.0] AndroidManifest.xml:37:13-35
160            android:exported="true"
160-->[androidx.profileinstaller:profileinstaller:1.3.0] AndroidManifest.xml:38:13-36
161            android:permission="android.permission.DUMP" >
161-->[androidx.profileinstaller:profileinstaller:1.3.0] AndroidManifest.xml:39:13-57
162            <intent-filter>
162-->[androidx.profileinstaller:profileinstaller:1.3.0] AndroidManifest.xml:40:13-42:29
163                <action android:name="androidx.profileinstaller.action.INSTALL_PROFILE" />
163-->[androidx.profileinstaller:profileinstaller:1.3.0] AndroidManifest.xml:41:17-91
163-->[androidx.profileinstaller:profileinstaller:1.3.0] AndroidManifest.xml:41:25-88
164            </intent-filter>
165            <intent-filter>
165-->[androidx.profileinstaller:profileinstaller:1.3.0] AndroidManifest.xml:43:13-45:29
166                <action android:name="androidx.profileinstaller.action.SKIP_FILE" />
166-->[androidx.profileinstaller:profileinstaller:1.3.0] AndroidManifest.xml:44:17-85
166-->[androidx.profileinstaller:profileinstaller:1.3.0] AndroidManifest.xml:44:25-82
167            </intent-filter>
168            <intent-filter>
168-->[androidx.profileinstaller:profileinstaller:1.3.0] AndroidManifest.xml:46:13-48:29
169                <action android:name="androidx.profileinstaller.action.SAVE_PROFILE" />
169-->[androidx.profileinstaller:profileinstaller:1.3.0] AndroidManifest.xml:47:17-88
169-->[androidx.profileinstaller:profileinstaller:1.3.0] AndroidManifest.xml:47:25-85
170            </intent-filter>
171            <intent-filter>
171-->[androidx.profileinstaller:profileinstaller:1.3.0] AndroidManifest.xml:49:13-51:29
172                <action android:name="androidx.profileinstaller.action.BENCHMARK_OPERATION" />
172-->[androidx.profileinstaller:profileinstaller:1.3.0] AndroidManifest.xml:50:17-95
172-->[androidx.profileinstaller:profileinstaller:1.3.0] AndroidManifest.xml:50:25-92
173            </intent-filter>
174        </receiver>
175
176        <activity
176-->[com.journeyapps:zxing-android-embedded:4.3.0] AndroidManifest.xml:47:9-53:63
177            android:name="com.journeyapps.barcodescanner.CaptureActivity"
177-->[com.journeyapps:zxing-android-embedded:4.3.0] AndroidManifest.xml:48:13-74
178            android:clearTaskOnLaunch="true"
178-->[com.journeyapps:zxing-android-embedded:4.3.0] AndroidManifest.xml:49:13-45
179            android:screenOrientation="sensorLandscape"
179-->[com.journeyapps:zxing-android-embedded:4.3.0] AndroidManifest.xml:50:13-56
180            android:stateNotNeeded="true"
180-->[com.journeyapps:zxing-android-embedded:4.3.0] AndroidManifest.xml:51:13-42
181            android:theme="@style/zxing_CaptureTheme"
181-->[com.journeyapps:zxing-android-embedded:4.3.0] AndroidManifest.xml:52:13-54
182            android:windowSoftInputMode="stateAlwaysHidden" />
182-->[com.journeyapps:zxing-android-embedded:4.3.0] AndroidManifest.xml:53:13-60
183    </application>
184
185</manifest>